<?xml version="1.0" encoding="UTF-8"?>
<!-- Generated by org.testng.reporters.JUnitReportReporter -->
<testsuite hostname="SatheeshChaganti" failures="0" tests="1" name="cyclos.Keyword2" time="17.801" errors="0" timestamp="2024-04-07T11:08:57 IST" skipped="0">
  <testcase classname="cyclos.Keyword2" name="testKeywordActions" time="17.801"/>
  <system-out/>
</testsuite> <!-- cyclos.Keyword2 -->
